<?xml version="1.0" encoding="UTF-8"?>
<testng-results ignored="0" total="1" passed="1" failed="0" skipped="0">
  <reporter-output>
  </reporter-output>
  <suite started-at="2025-05-07T11:49:39 IST" name="Suite" finished-at="2025-05-07T11:50:11 IST" duration-ms="32314">
    <groups>
    </groups>
    <test started-at="2025-05-07T11:49:39 IST" name="Test" finished-at="2025-05-07T11:50:11 IST" duration-ms="32314">
      <class name="Amazon_Add_to_cart.Assignment3_Amazon_Assertion">
        <test-method is-config="true" signature="setUp()[pri:0, instance:Amazon_Add_to_cart.Assignment3_Amazon_Assertion@484094a5]" started-at="2025-05-07T11:49:39 IST" name="setUp" finished-at="2025-05-07T11:49:41 IST" duration-ms="1871" status="PASS">
          <reporter-output>
          </reporter-output>
        </test-method> <!-- setUp -->
        <test-method signature="verifyItemAddedToCart()[pri:0, instance:Amazon_Add_to_cart.Assignment3_Amazon_Assertion@484094a5]" started-at="2025-05-07T11:49:41 IST" name="verifyItemAddedToCart" finished-at="2025-05-07T11:50:11 IST" duration-ms="30092" status="PASS">
          <reporter-output>
          </reporter-output>
        </test-method> <!-- verifyItemAddedToCart -->
        <test-method is-config="true" signature="tearDown()[pri:0, instance:Amazon_Add_to_cart.Assignment3_Amazon_Assertion@484094a5]" started-at="2025-05-07T11:50:11 IST" name="tearDown" finished-at="2025-05-07T11:50:11 IST" duration-ms="197" status="PASS">
          <reporter-output>
          </reporter-output>
        </test-method> <!-- tearDown -->
      </class> <!-- Amazon_Add_to_cart.Assignment3_Amazon_Assertion -->
    </test> <!-- Test -->
  </suite> <!-- Suite -->
</testng-results>
